7/11/2016 3:32:46 AM	This log contains information about the import schema operation into project 'Northwind-Import' on computer 'PRIMROSE' by user 'WR'.
7/11/2016 3:32:46 AM	Import of database schema has started.
7/11/2016 3:32:51 AM	Gathering database options
7/11/2016 3:32:51 AM	Gathering users
7/11/2016 3:32:51 AM	Gathering roles
7/11/2016 3:32:51 AM	Gathering application roles
7/11/2016 3:32:51 AM	Gathering role memberships
7/11/2016 3:32:51 AM	Gathering filegroups
7/11/2016 3:32:51 AM	Gathering full-text catalogs
7/11/2016 3:32:51 AM	Gathering assemblies
7/11/2016 3:32:51 AM	Gathering certificates
7/11/2016 3:32:51 AM	Gathering asymmetric keys
7/11/2016 3:32:51 AM	Gathering symmetric keys
7/11/2016 3:32:51 AM	Gathering encrypted symmetric keys
7/11/2016 3:32:51 AM	Gathering schemas
7/11/2016 3:32:51 AM	Gathering XML schema collections
7/11/2016 3:32:51 AM	Gathering user-defined data types
7/11/2016 3:32:51 AM	Gathering user-defined types
7/11/2016 3:32:51 AM	Gathering table types
7/11/2016 3:32:51 AM	Gathering unique keys for table types
7/11/2016 3:32:51 AM	Gathering primary keys for table types
7/11/2016 3:32:51 AM	Gathering indexes for table types
7/11/2016 3:32:51 AM	Gathering check constraints for table types
7/11/2016 3:32:51 AM	Gathering default constraints for table types
7/11/2016 3:32:51 AM	Gathering partition functions
7/11/2016 3:32:51 AM	Gathering partition schemes
7/11/2016 3:32:51 AM	Gathering functions
7/11/2016 3:32:51 AM	Gathering encrypted functions
7/11/2016 3:32:51 AM	Gathering aggregates
7/11/2016 3:32:51 AM	Gathering procedures
7/11/2016 3:32:51 AM	Gathering encrypted procedures
7/11/2016 3:32:51 AM	Gathering tables
7/11/2016 3:32:51 AM	Gathering primary keys
7/11/2016 3:32:51 AM	Gathering unique constraints
7/11/2016 3:32:51 AM	Gathering foreign keys
7/11/2016 3:32:51 AM	Gathering default constraints
7/11/2016 3:32:51 AM	Gathering check constraints
7/11/2016 3:32:51 AM	Gathering views
7/11/2016 3:32:51 AM	Gathering encrypted views
7/11/2016 3:32:51 AM	Gathering indexes
7/11/2016 3:32:51 AM	Gathering statistics
7/11/2016 3:32:51 AM	Gathering full-text index stoplists
7/11/2016 3:32:51 AM	Gathering search property lists
7/11/2016 3:32:51 AM	Gathering search properties
7/11/2016 3:32:51 AM	Gathering full-text indexes
7/11/2016 3:32:51 AM	Gathering column store indexes
7/11/2016 3:32:51 AM	Gathering spatial indexes
7/11/2016 3:32:51 AM	Gathering XML indexes
7/11/2016 3:32:51 AM	Gathering Selective XML indexes
7/11/2016 3:32:51 AM	Gathering encrypted triggers
7/11/2016 3:32:51 AM	Gathering triggers
7/11/2016 3:32:51 AM	Gathering encrypted and clr ddl triggers
7/11/2016 3:32:51 AM	Gathering ddl triggers
7/11/2016 3:32:51 AM	Gathering synonyms
7/11/2016 3:32:51 AM	Gathering defaults
7/11/2016 3:32:51 AM	Gathering data constraint uddt bindings
7/11/2016 3:32:51 AM	Gathering rules
7/11/2016 3:32:51 AM	Gathering data constraint uddt bindings
7/11/2016 3:32:51 AM	Gathering message types
7/11/2016 3:32:51 AM	Gathering queues
7/11/2016 3:32:51 AM	Gathering contracts
7/11/2016 3:32:51 AM	Gathering services
7/11/2016 3:32:51 AM	Gathering event notifications
7/11/2016 3:32:51 AM	Gathering remote service bindings
7/11/2016 3:32:51 AM	Gathering broker priorities
7/11/2016 3:32:51 AM	Gathering signatures
7/11/2016 3:32:51 AM	Gathering data compression options
7/11/2016 3:32:51 AM	Gathering sequence types
7/11/2016 3:32:51 AM	Gathering security policies
7/11/2016 3:32:51 AM	Gather column encryption keys
7/11/2016 3:32:51 AM	Gathering column master keys
7/11/2016 3:32:51 AM	Gathering external data sources
7/11/2016 3:32:51 AM	Gathering external file formats
7/11/2016 3:32:51 AM	Gathering external tables
7/11/2016 3:32:51 AM	Gathering extended properties
7/11/2016 3:32:52 AM	Gathering credentials
7/11/2016 3:32:52 AM	Gathering logins
7/11/2016 3:32:52 AM	Gathering server audits
7/11/2016 3:32:52 AM	Scanning project for duplicate elements
7/11/2016 3:32:52 AM	Finished duplicate element processing
7/11/2016 3:32:52 AM	Finished importing database.
7/11/2016 3:32:52 AM	A summary of the import was saved to the following location: C:\Users\WR\Desktop\Exercise Files\07_DataProject\04_Import\Northwind-Import\Northwind-Import\Import Schema Logs\Northwind-Import_20160711103246.log
7/11/2016 3:32:52 AM	Click Finish to continue...
